<?xml version="1.0" encoding="UTF-8"?>
<!-- Generated by org.testng.reporters.JUnitXMLReporter -->
<testsuite ignored="4" hostname="DESKTOP-EQU5D95" failures="2" tests="2" name="Test(failed)(failed)" time="0.071" errors="0" timestamp="2022-06-25T10:34:12 IST">
  <testcase classname="TestNg.ex_12_failedXML1" name="Tc2" time="0.01">
    <failure type="java.lang.Error" message="Unresolved compilation problem: 
	Syntax error, insert &amp;quot;;&amp;quot; to complete BlockStatements
">
      <![CDATA[java.lang.Error: Unresolved compilation problem: 
Syntax error, insert ";" to complete BlockStatements

at TestNg.ex_12_failedXML1.Tc2(ex_12_failedXML1.java:17)
at java.base/java.util.ArrayList.forEach(ArrayList.java:1511)
... Removed 27 stack frames]]>
    </failure>
  </testcase> <!-- Tc2 -->
  <testcase classname="TestNg.ex12_failedXML2" name="Tc6" time="0.005">
    <failure type="java.lang.AssertionError" message="failed both results are diff expected [hello] but found [hi]">
      <![CDATA[java.lang.AssertionError: failed both results are diff expected [hello] but found [hi]
at TestNg.ex12_failedXML2.Tc6(ex12_failedXML2.java:25)
at java.base/java.util.ArrayList.forEach(ArrayList.java:1511)
... Removed 32 stack frames]]>
    </failure>
  </testcase> <!-- Tc6 -->
  <testcase classname="TestNg.ex12_failedXML2" name="Tc5" time="0.0">
    <ignored/>
  </testcase> <!-- Tc5 -->
  <testcase classname="TestNg.ex12_failedXML2" name="Tc4" time="0.0">
    <ignored/>
  </testcase> <!-- Tc4 -->
  <testcase classname="TestNg.ex_12_failedXML1" name="Tc3" time="0.0">
    <ignored/>
  </testcase> <!-- Tc3 -->
  <testcase classname="TestNg.ex_12_failedXML1" name="Tc1" time="0.0">
    <ignored/>
  </testcase> <!-- Tc1 -->
</testsuite> <!-- Test(failed)(failed) -->
